<?xml version="1.0" encoding="UTF-8"?>
<TestRun id="4c2e3a95-3c9f-4c4b-82a1-0720b9f53771" name="SYSTEM@UN-S-DVAPP-368 2014-03-12 07:58:47" runUser="NT AUTHORITY\SYSTEM" xmlns="http://microsoft.com/schemas/VisualStudio/TeamTest/2010">
  <TestSettings name="Automation" id="90f7bc81-2ab2-4f3c-85f5-22609c489cca">
    <Description>These are default test settings for a local test run.
These are test setting for build machine. Including required deployment items.</Description>
    <Deployment runDeploymentRoot="SYSTEM_UN-S-DVAPP-368 2014-03-12 07_58_47">
      <DeploymentItem filename="packages\Selenium.WebDriver.IEDriver.2.40.0.0\content\IEDriverServer.exe" />
    </Deployment>
    <Execution>
      <TestTypeSpecific>
        <UnitTestRunConfig testTypeId="13cdc9d9-ddb5-4fa4-a97d-d965ccfc6d4b">
          <AssemblyResolution>
            <TestDirectory useLoadContext="true" />
          </AssemblyResolution>
        </UnitTestRunConfig>
      </TestTypeSpecific>
      <AgentRule name="Execution Agents">
      </AgentRule>
    </Execution>
  </TestSettings>
  <Times creation="2014-03-12T07:58:47.9094534-04:00" queuing="2014-03-12T07:58:48.9964092-04:00" start="2014-03-12T07:58:51.2943490-04:00" finish="2014-03-12T08:01:04.2115622-04:00" />
  <ResultSummary outcome="Failed">
    <Counters total="4" executed="4" passed="3" error="0" failed="1" timeout="0" aborted="0" inconclusive="0" passedButRunAborted="0" notRunnable="0" notExecuted="0" disconnected="0" warning="0" completed="0" inProgress="0" pending="0" />
    <RunInfos>
      <RunInfo computerName="UN-S-DVAPP-368" outcome="Warning" timestamp="2014-03-12T07:58:48.9016790-04:00">
        <Text>Warning: Test Run deployment issue: The assembly or module 'Microsoft.Practices.ServiceLocation' directly or indirectly referenced by the test container 'C:\DeploymentDrop\AutomationSuite\trizetto.web.im.automation.tests.dll' was not found.</Text>
      </RunInfo>
    </RunInfos>
  </ResultSummary>
  <TestDefinitions>
    <UnitTest name="InternetExplorerAvailable" storage="trizetto.web.im.automation.tests.dll" id="8f4d25fc-1b6c-dbb1-04fc-9d5f293c46f0">
      <Execution id="a6704964-463d-4f10-b316-a52914aaa7db" />
      <TestMethod codeBase="C:/DeploymentDrop/AutomationSuite/Trizetto.Web.IM.Automation.Tests.dll" adapterTypeName="Microsoft.VisualStudio.TestTools.TestTypes.Unit.UnitTestAdapter, Microsoft.VisualStudio.QualityTools.Tips.UnitTest.Adapter, Version=11.0.0.0, Culture=neutral, PublicKeyToken=b03f5f7f11d50a3a" className="Trizetto.Web.IM.Automation.Tests.CoreSmoke.CoreSmokeTestsSteps, Trizetto.Web.IM.Automation.Tests, Version=1.0.0.0, Culture=neutral, PublicKeyToken=null" name="InternetExplorerAvailable" />
    </UnitTest>
    <UnitTest name="CreateVendor" storage="trizetto.web.im.automation.tests.dll" id="f39c9f8e-28c1-51e8-4693-2cc3be6e67f1">
      <Description>Create Vendor</Description>
      <TestCategory>
        <TestCategoryItem TestCategory="fast" />
        <TestCategoryItem TestCategory="smoketest" />
      </TestCategory>
      <Execution id="edc4069a-e147-4b42-83d0-ce38f83253c2" />
      <Properties>
        <Property>
          <Key>FeatureTitle</Key>
          <Value>VendorCreation</Value>
        </Property>
      </Properties>
      <TestMethod codeBase="C:/DeploymentDrop/AutomationSuite/Trizetto.Web.IM.Automation.Tests.dll" adapterTypeName="Microsoft.VisualStudio.TestTools.TestTypes.Unit.UnitTestAdapter, Microsoft.VisualStudio.QualityTools.Tips.UnitTest.Adapter, Version=11.0.0.0, Culture=neutral, PublicKeyToken=b03f5f7f11d50a3a" className="Trizetto.Web.IM.Automation.Tests.PayerUI.Vendor.VendorCreationFeature, Trizetto.Web.IM.Automation.Tests, Version=1.0.0.0, Culture=neutral, PublicKeyToken=null" name="CreateVendor" />
    </UnitTest>
    <UnitTest name="FireFoxAvailable" storage="trizetto.web.im.automation.tests.dll" id="6d39dc22-80ac-b5ab-15d8-a509d903202f">
      <Execution id="98645b5b-f33d-49e2-8776-840d69027e00" />
      <TestMethod codeBase="C:/DeploymentDrop/AutomationSuite/Trizetto.Web.IM.Automation.Tests.dll" adapterTypeName="Microsoft.VisualStudio.TestTools.TestTypes.Unit.UnitTestAdapter, Microsoft.VisualStudio.QualityTools.Tips.UnitTest.Adapter, Version=11.0.0.0, Culture=neutral, PublicKeyToken=b03f5f7f11d50a3a" className="Trizetto.Web.IM.Automation.Tests.CoreSmoke.CoreSmokeTestsSteps, Trizetto.Web.IM.Automation.Tests, Version=1.0.0.0, Culture=neutral, PublicKeyToken=null" name="FireFoxAvailable" />
    </UnitTest>
    <UnitTest name="CreateBasicHip" storage="trizetto.web.im.automation.tests.dll" id="3ab414df-38fb-15dc-1e88-aaa4510fd3f3">
      <Description>Create Basic Hip</Description>
      <TestCategory>
        <TestCategoryItem TestCategory="fast" />
        <TestCategoryItem TestCategory="smoketest" />
      </TestCategory>
      <Execution id="fb938417-f27e-40e5-8c89-31305ef89b3a" />
      <Properties>
        <Property>
          <Key>FeatureTitle</Key>
          <Value>HipCreation</Value>
        </Property>
      </Properties>
      <TestMethod codeBase="C:/DeploymentDrop/AutomationSuite/Trizetto.Web.IM.Automation.Tests.dll" adapterTypeName="Microsoft.VisualStudio.TestTools.TestTypes.Unit.UnitTestAdapter, Microsoft.VisualStudio.QualityTools.Tips.UnitTest.Adapter, Version=11.0.0.0, Culture=neutral, PublicKeyToken=b03f5f7f11d50a3a" className="Trizetto.Web.IM.Automation.Tests.PayerUI.HIPCreation.HipCreationFeature, Trizetto.Web.IM.Automation.Tests, Version=1.0.0.0, Culture=neutral, PublicKeyToken=null" name="CreateBasicHip" />
    </UnitTest>
  </TestDefinitions>
  <TestLists>
    <TestList name="Results Not in a List" id="8c84fa94-04c1-424b-9868-57a2d4851a1d" />
    <TestList name="All Loaded Results" id="19431567-8539-422a-85d7-44ee4e166bda" />
  </TestLists>
  <TestEntries>
    <TestEntry testId="6d39dc22-80ac-b5ab-15d8-a509d903202f" executionId="98645b5b-f33d-49e2-8776-840d69027e00" testListId="8c84fa94-04c1-424b-9868-57a2d4851a1d" />
    <TestEntry testId="8f4d25fc-1b6c-dbb1-04fc-9d5f293c46f0" executionId="a6704964-463d-4f10-b316-a52914aaa7db" testListId="8c84fa94-04c1-424b-9868-57a2d4851a1d" />
    <TestEntry testId="3ab414df-38fb-15dc-1e88-aaa4510fd3f3" executionId="fb938417-f27e-40e5-8c89-31305ef89b3a" testListId="8c84fa94-04c1-424b-9868-57a2d4851a1d" />
    <TestEntry testId="f39c9f8e-28c1-51e8-4693-2cc3be6e67f1" executionId="edc4069a-e147-4b42-83d0-ce38f83253c2" testListId="8c84fa94-04c1-424b-9868-57a2d4851a1d" />
  </TestEntries>
  <Results>
    <UnitTestResult executionId="98645b5b-f33d-49e2-8776-840d69027e00" testId="6d39dc22-80ac-b5ab-15d8-a509d903202f" testName="FireFoxAvailable" computerName="UN-S-DVAPP-368" duration="00:00:09.7948792" startTime="2014-03-12T07:58:51.3851728-04:00" endTime="2014-03-12T07:59:01.5642746-04:00" testType="13cdc9d9-ddb5-4fa4-a97d-d965ccfc6d4b" outcome="Passed" testListId="8c84fa94-04c1-424b-9868-57a2d4851a1d" relativeResultsDirectory="98645b5b-f33d-49e2-8776-840d69027e00">
    </UnitTestResult>
    <UnitTestResult executionId="a6704964-463d-4f10-b316-a52914aaa7db" testId="8f4d25fc-1b6c-dbb1-04fc-9d5f293c46f0" testName="InternetExplorerAvailable" computerName="UN-S-DVAPP-368" duration="00:00:03.8308561" startTime="2014-03-12T07:59:01.5681810-04:00" endTime="2014-03-12T07:59:05.4189148-04:00" testType="13cdc9d9-ddb5-4fa4-a97d-d965ccfc6d4b" outcome="Passed" testListId="8c84fa94-04c1-424b-9868-57a2d4851a1d" relativeResultsDirectory="a6704964-463d-4f10-b316-a52914aaa7db">
    </UnitTestResult>
    <UnitTestResult executionId="fb938417-f27e-40e5-8c89-31305ef89b3a" testId="3ab414df-38fb-15dc-1e88-aaa4510fd3f3" testName="CreateBasicHip" computerName="UN-S-DVAPP-368" duration="00:01:43.2322689" startTime="2014-03-12T07:59:05.4296574-04:00" endTime="2014-03-12T08:00:49.0166428-04:00" testType="13cdc9d9-ddb5-4fa4-a97d-d965ccfc6d4b" outcome="Passed" testListId="8c84fa94-04c1-424b-9868-57a2d4851a1d" relativeResultsDirectory="fb938417-f27e-40e5-8c89-31305ef89b3a">
      <Output>
        <StdOut>Given I am logged in to PayerUI as "Joe.Super"
-&gt; done: ApplicationSetup.StartPayerUiApplication("Joe.Super") (6.2s)
And Health Incentive Programs Page Opened
-&gt; done: HipCreationSteps.GivenHealthIncentiveProgramsPageOpened() (9.1s)
And Hip Name is "New Basic HIP 2"
-&gt; done: HipCreationSteps.GivenHipNameIs("New Basic HIP 2") (0.0s)
And The HIP does not exist, delete if exist
-&gt; done: HipCreationSteps.GivenTheDoesNotExistDeleteIfExist() (15.9s)
Given Hip Creation Wizard Opened
-&gt; done: HipCreationSteps.GivenHipCreationPageOpened() (2.9s)
When I Create HIP With Basic Settings
-&gt; done: HipCreationSteps.CreatingHipWithBasicSetting() (54.7s)
Then Hip Shoould Be Created
-&gt; done: HipCreationSteps.ThenHipShoouldBeCreated() (14.3s)</StdOut>
      </Output>
    </UnitTestResult>
    <UnitTestResult executionId="edc4069a-e147-4b42-83d0-ce38f83253c2" testId="f39c9f8e-28c1-51e8-4693-2cc3be6e67f1" testName="CreateVendor" computerName="UN-S-DVAPP-368" duration="00:00:14.3569897" startTime="2014-03-12T08:00:49.0254322-04:00" endTime="2014-03-12T08:01:03.7164260-04:00" testType="13cdc9d9-ddb5-4fa4-a97d-d965ccfc6d4b" outcome="Failed" testListId="8c84fa94-04c1-424b-9868-57a2d4851a1d" relativeResultsDirectory="edc4069a-e147-4b42-83d0-ce38f83253c2">
      <Output>
        <StdOut>Given I am logged in to PayerUI as "Joe.Super"
-&gt; done: ApplicationSetup.StartPayerUiApplication("Joe.Super") (5.7s)
And Vendors Page Opened
-&gt; done: VendorCreationSteps.GivenVendorsPageOpened() (3.4s)
And The Vendor with Name "ATM_ Vendor 1" does not exist, delete if exist
-&gt; error: Element with id 'ctl00_cphMain_field_vendorName' is not found in 5 seconds
Given Vendor Creation Wizard Opened
-&gt; skipped because of previous errors
And Vendor Name is "ATM_ Vendor 1"
-&gt; skipped because of previous errors
And Vendor User Defined is "Some ID"
-&gt; skipped because of previous errors
And Vendor Contacts are
  --- table step argument ---
  | First Name | Last Name | Phone        | Email            |
  | Alex       | Brut      | 555-555-5555 | alex@email.com   |
  | Gordon     | Gates     | 555-555-5555 | gordon@email.com |
-&gt; skipped because of previous errors
And Vendor Programs are
  --- table step argument ---
  | Program Type         | Name              | Description                  |
  | Education, Diabetes  | Diabetes Program  | Diabetes Program Descrition  |
  | Education, Nutrition | Nutrition Program | Nutrition Program Descrition |
-&gt; skipped because of previous errors
When I Create Vendor
-&gt; skipped because of previous errors
Then Vendor Shoould Be Created
-&gt; skipped because of previous errors</StdOut>
        <ErrorInfo>
          <Message>Test method Trizetto.Web.IM.Automation.Tests.PayerUI.Vendor.VendorCreationFeature.CreateVendor threw exception: 
System.Exception: Element with id 'ctl00_cphMain_field_vendorName' is not found in 5 seconds ---&gt; OpenQA.Selenium.WebDriverTimeoutException: Timed out after 5 seconds ---&gt; OpenQA.Selenium.NoSuchElementException: Unable to find element with id == ctl00_cphMain_field_vendorName</Message>
          <StackTrace>    at OpenQA.Selenium.Remote.RemoteWebDriver.UnpackAndThrowOnError(Response errorResponse)
   at OpenQA.Selenium.Remote.RemoteWebDriver.Execute(String driverCommandToExecute, Dictionary`2 parameters)
   at OpenQA.Selenium.Remote.RemoteWebDriver.FindElement(String mechanism, String value)
   at OpenQA.Selenium.Remote.RemoteWebDriver.FindElementById(String id)
   at OpenQA.Selenium.By.&lt;&gt;c__DisplayClass2.&lt;Id&gt;b__0(ISearchContext context)
   at OpenQA.Selenium.By.FindElement(ISearchContext context)
   at OpenQA.Selenium.Remote.RemoteWebDriver.FindElement(By by)
   at Trizetto.Web.IM.Automation.Infrastructure.Extensions.WebDriverExtensions.&lt;&gt;c__DisplayClass1.&lt;WaitFindElement&gt;b__0(IWebDriver d) in e:\d\w\21\721\Sources\Automation\Trizetto.Web.IM.Automation.Infrastructure\Extensions\WebDriverExtensions.cs:line 103
   at OpenQA.Selenium.Support.UI.DefaultWait`1.Until[TResult](Func`2 condition)
 --- End of inner exception stack trace ---
    at OpenQA.Selenium.Support.UI.DefaultWait`1.ThrowTimeoutException(String exceptionMessage, Exception lastException)
   at OpenQA.Selenium.Support.UI.DefaultWait`1.Until[TResult](Func`2 condition)
   at Trizetto.Web.IM.Automation.Infrastructure.Extensions.WebDriverExtensions.WaitFindElement(IWebDriver webDriver, By by, Int32 numberOfSeconds) in e:\d\w\21\721\Sources\Automation\Trizetto.Web.IM.Automation.Infrastructure\Extensions\WebDriverExtensions.cs:line 103
   at Trizetto.Web.IM.Automation.Web.Pages.Pages.PayerUI.PayerUiBasePage.SetTextToInputWithWait(String elementId, String value, Boolean clearInputBeforeSendKeys, Int32 timeout) in e:\d\w\21\721\Sources\Automation\Trizetto.Web.IM.Automation.Web.Pages\Pages\PayerUI\PayerUiBasePage.cs:line 66
 --- End of inner exception stack trace ---
    at Trizetto.Web.IM.Automation.Web.Pages.Pages.PayerUI.PayerUiBasePage.SetTextToInputWithWait(String elementId, String value, Boolean clearInputBeforeSendKeys, Int32 timeout) in e:\d\w\21\721\Sources\Automation\Trizetto.Web.IM.Automation.Web.Pages\Pages\PayerUI\PayerUiBasePage.cs:line 76
   at Trizetto.Web.IM.Automation.Web.Pages.Pages.PayerUI.Administration.Vendors.VendorsPage.SearchVendorByName(String vendorName) in e:\d\w\21\721\Sources\Automation\Trizetto.Web.IM.Automation.Web.Pages\Pages\PayerUI\Administration\Vendors\VendorsPage.cs:line 15
   at Trizetto.Web.IM.Automation.Web.Pages.Pages.PayerUI.Administration.Vendors.VendorsPage.VendorByNameExists(String vendorName) in e:\d\w\21\721\Sources\Automation\Trizetto.Web.IM.Automation.Web.Pages\Pages\PayerUI\Administration\Vendors\VendorsPage.cs:line 23
   at Trizetto.Web.IM.Automation.Tests.PayerUI.Vendor.VendorCreationSteps.GivenTheVendorWithNameDoesNotExistDeleteIfExist(String vendorName) in e:\d\w\21\721\Sources\Automation\Trizetto.Web.IM.Automation.Tests\PayerUI\Vendor\VendorCreationSteps.cs:line 36
   at lambda_method(Closure , IContextManager , String )
   at TechTalk.SpecFlow.Bindings.BindingInvoker.InvokeBinding(IBinding binding, IContextManager contextManager, Object[] arguments, ITestTracer testTracer, TimeSpan&amp; duration)
   at TechTalk.SpecFlow.Infrastructure.TestExecutionEngine.ExecuteStepMatch(BindingMatch match, Object[] arguments)
   at TechTalk.SpecFlow.Infrastructure.TestExecutionEngine.ExecuteStep(StepInstance stepInstance)
   at TechTalk.SpecFlow.Infrastructure.TestExecutionEngine.OnAfterLastStep()
   at TechTalk.SpecFlow.TestRunner.CollectScenarioErrors()
   at Trizetto.Web.IM.Automation.Tests.PayerUI.Vendor.VendorCreationFeature.ScenarioCleanup() in e:\d\w\21\721\Sources\Automation\Trizetto.Web.IM.Automation.Tests\PayerUI\Vendor\VendorCreation.feature.cs:line 0
   at Trizetto.Web.IM.Automation.Tests.PayerUI.Vendor.VendorCreationFeature.CreateVendor() in e:\d\w\21\721\Sources\Automation\Trizetto.Web.IM.Automation.Tests\PayerUI\Vendor\VendorCreation.feature:line 22
</StackTrace>
        </ErrorInfo>
      </Output>
    </UnitTestResult>
  </Results>
</TestRun>